#
# A fatal error has been detected by the Java Runtime Environment:
#
#  Internal Error (constantTag.cpp:59), pid=16352, tid=0x0000000000001810
#  Error: ShouldNotReachHere()
#
# JRE version: Java(TM) SE Runtime Environment (8.0_221-b11) (build 1.8.0_221-b11)
# Java VM: Java HotSpot(TM) 64-Bit Server VM (25.221-b11 mixed mode windows-amd64 compressed oops)
# Failed to write core dump. Minidumps are not enabled by default on client versions of Windows
#
# If you would like to submit a bug report, please visit:
#   http://bugreport.java.com/bugreport/crash.jsp
#

---------------  T H R E A D  ---------------

Current thread (0x000000000471e800):  GCTaskThread [stack: 0x0000000014470000,0x0000000014570000] [id=6160]

Stack: [0x0000000014470000,0x0000000014570000]
[error occurred during error reporting (printing stack bounds), id 0xc0000005]

Native frames: (J=compiled Java code, j=interpreted, Vv=VM code, C=native code)

JavaThread 0x0000000004707000 (nid = 2224) was being processed
Java frames: (J=compiled Java code, j=interpreted, Vv=VM code)
v  ~RuntimeStub::_new_array_Java
J 205 C2 java.util.Arrays.copyOfRange([CII)[C (63 bytes) @ 0x0000000004a7b338 [0x0000000004a7b1e0+0x158]
J 820 C1 java.lang.StringBuffer.toString()Ljava/lang/String; (36 bytes) @ 0x0000000004c36644 [0x0000000004c364a0+0x1a4]
j  sun.security.util.ObjectIdentifier.toString()Ljava/lang/String;+273
j  sun.security.ec.ECParameters.engineInit([B)V+24
j  java.security.AlgorithmParameters.init([B)V+22
j  sun.security.x509.AlgorithmId.decodeParams()V+37
j  sun.security.x509.AlgorithmId.<init>(Lsun/security/util/ObjectIdentifier;Lsun/security/util/DerValue;)V+27
j  sun.security.x509.AlgorithmId.parse(Lsun/security/util/DerValue;)Lsun/security/x509/AlgorithmId;+96
j  sun.security.x509.X509Key.parse(Lsun/security/util/DerValue;)Ljava/security/PublicKey;+26
j  sun.security.x509.CertificateX509Key.<init>(Lsun/security/util/DerInputStream;)V+11
j  sun.security.x509.X509CertInfo.parse(Lsun/security/util/DerValue;)V+179
j  sun.security.x509.X509CertInfo.<init>(Lsun/security/util/DerValue;)V+67
j  sun.security.x509.X509CertImpl.parse(Lsun/security/util/DerValue;)V+227
j  sun.security.x509.X509CertImpl.<init>([B)V+50
j  sun.security.provider.X509Factory.engineGenerateCertificate(Ljava/io/InputStream;)Ljava/security/cert/Certificate;+54
j  java.security.cert.CertificateFactory.generateCertificate(Ljava/io/InputStream;)Ljava/security/cert/Certificate;+5
j  sun.security.provider.JavaKeyStore.engineLoad(Ljava/io/InputStream;[C)V+538
j  sun.security.provider.JavaKeyStore$JKS.engineLoad(Ljava/io/InputStream;[C)V+3
j  sun.security.provider.KeyStoreDelegator.engineLoad(Ljava/io/InputStream;[C)V+135
j  sun.security.provider.JavaKeyStore$DualFormatJKS.engineLoad(Ljava/io/InputStream;[C)V+3
j  java.security.KeyStore.load(Ljava/io/InputStream;[C)V+6
j  sun.security.util.AnchorCertificates$1.run()Ljava/lang/Void;+36
j  sun.security.util.AnchorCertificates$1.run()Ljava/lang/Object;+1
v  ~StubRoutines::call_stub
j  java.security.AccessController.doPrivileged(Ljava/security/PrivilegedAction;)Ljava/lang/Object;+0
j  sun.security.util.AnchorCertificates.<clinit>()V+21
v  ~StubRoutines::call_stub
j  sun.security.provider.certpath.AlgorithmChecker.checkFingerprint(Ljava/security/cert/X509Certificate;)Z+43
j  sun.security.provider.certpath.AlgorithmChecker.<init>(Ljava/security/cert/TrustAnchor;Ljava/security/AlgorithmConstraints;Ljava/util/Date;Ljava/security/Timestamp;Ljava/lang/String;)V+36
j  sun.security.provider.certpath.AlgorithmChecker.<init>(Ljava/security/cert/TrustAnchor;Ljava/lang/String;)V+8
j  sun.security.validator.SimpleValidator.engineValidate([Ljava/security/cert/X509Certificate;Ljava/util/Collection;Ljava/security/AlgorithmConstraints;Ljava/lang/Object;)[Ljava/security/cert/X509Certificate;+134
j  sun.security.validator.Validator.validate([Ljava/security/cert/X509Certificate;Ljava/util/Collection;Ljava/security/AlgorithmConstraints;Ljava/lang/Object;)[Ljava/security/cert/X509Certificate;+6
j  sun.security.validator.Validator.validate([Ljava/security/cert/X509Certificate;Ljava/util/Collection;Ljava/lang/Object;)[Ljava/security/cert/X509Certificate;+5
j  sun.security.validator.Validator.validate([Ljava/security/cert/X509Certificate;)[Ljava/security/cert/X509Certificate;+4
j  javax.crypto.JarVerifier.isTrusted([Ljava/security/cert/X509Certificate;)Z+5
j  javax.crypto.JarVerifier.verifySingleJar(Ljava/net/URL;)Ljava/lang/String;+484
j  javax.crypto.JarVerifier.verifyJars(Ljava/net/URL;Ljava/util/List;)V+21
j  javax.crypto.JarVerifier.verify()V+23
j  javax.crypto.JceSecurity.verifyProviderJar(Ljava/net/URL;)V+11
j  javax.crypto.JceSecurity.getVerificationResult(Ljava/security/Provider;)Ljava/lang/Exception;+72
j  javax.crypto.JceSecurity.canUseProvider(Ljava/security/Provider;)Z+1
j  javax.crypto.Cipher.getInstance(Ljava/lang/String;)Ljavax/crypto/Cipher;+113
j  br.com.config.RSA.encrypt(Ljava/lang/String;Ljava/security/PublicKey;)Ljava/lang/String;+2
j  br.com.config.RSA.criptografar(Ljava/lang/String;)Ljava/lang/String;+54
j  br.com.config.RSA.main([Ljava/lang/String;)V+19
v  ~StubRoutines::call_stub

---------------  P R O C E S S  ---------------

Java Threads: ( => current thread )
  0x000000001b62c000 JavaThread "Service Thread" daemon [_thread_blocked, id=15976, stack(0x000000001c040000,0x000000001c140000)]
  0x000000001b5ae800 JavaThread "C1 CompilerThread2" daemon [_thread_blocked, id=17028, stack(0x000000001bf40000,0x000000001c040000)]
  0x000000001b5ab800 JavaThread "C2 CompilerThread1" daemon [_thread_blocked, id=2484, stack(0x000000001be40000,0x000000001bf40000)]
  0x000000001b5a6800 JavaThread "C2 CompilerThread0" daemon [_thread_blocked, id=17364, stack(0x000000001bd40000,0x000000001be40000)]
  0x00000000194d7800 JavaThread "JDWP Command Reader" daemon [_thread_in_native, id=16872, stack(0x000000001b040000,0x000000001b140000)]
  0x00000000194d4800 JavaThread "JDWP Event Helper Thread" daemon [_thread_blocked, id=1924, stack(0x000000001af40000,0x000000001b040000)]
  0x00000000194c9800 JavaThread "JDWP Transport Listener: dt_socket" daemon [_thread_blocked, id=10464, stack(0x000000001ae40000,0x000000001af40000)]
  0x00000000194b6800 JavaThread "Attach Listener" daemon [_thread_blocked, id=1764, stack(0x000000001aa00000,0x000000001ab00000)]
  0x00000000194c5800 JavaThread "Signal Dispatcher" daemon [_thread_blocked, id=16504, stack(0x000000001a900000,0x000000001aa00000)]
  0x00000000047fc000 JavaThread "Finalizer" daemon [_thread_blocked, id=7576, stack(0x000000001a700000,0x000000001a800000)]
  0x000000001949a800 JavaThread "Reference Handler" daemon [_thread_blocked, id=13188, stack(0x000000001a600000,0x000000001a700000)]
  0x0000000004707000 JavaThread "main" [_thread_blocked, id=2224, stack(0x0000000004590000,0x0000000004690000)]

Other Threads:
  0x0000000019477800 VMThread [stack: 0x000000001a500000,0x000000001a600000] [id=9596]
  0x000000001b699800 WatcherThread [stack: 0x000000001c140000,0x000000001c240000] [id=14456]

=>0x000000000471e800 (exited) GCTaskThread [stack: 0x0000000014470000,0x0000000014570000] [id=6160]

VM state:at safepoint (normal execution)

VM Mutex/Monitor currently owned by a thread:  ([mutex/lock_event])
[0x00000000046fdf70] Threads_lock - owner thread: 0x0000000019477800
[0x0000000004705650] Heap_lock - owner thread: 0x0000000004707000

heap address: 0x0000000080c00000, size: 2036 MB, Compressed Oops mode: 32-bit
Narrow klass base: 0x0000000000000000, Narrow klass shift: 3
Compressed class space size: 1073741824 Address: 0x0000000100000000

Heap:
 PSYoungGen      total 38400K, used 33280K [0x00000000d5980000, 0x00000000d8400000, 0x0000000100000000)
  eden space 33280K, 100% used [0x00000000d5980000,0x00000000d7a00000,0x00000000d7a00000)
  from space 5120K, 0% used [0x00000000d7f00000,0x00000000d7f00000,0x00000000d8400000)
  to   space 5120K, 47% used [0x00000000d7a00000,0x00000000d7c64020,0x00000000d7f00000)
 ParOldGen       total 87552K, used 16K [0x0000000080c00000, 0x0000000086180000, 0x00000000d5980000)
  object space 87552K, 0% used [0x0000000080c00000,0x0000000080c04000,0x0000000086180000)
 Metaspace       used 7510K, capacity 7690K, committed 7808K, reserved 1056768K
  class space    used 778K, capacity 845K, committed 896K, reserved 1048576K

Card table byte_map: [0x0000000013cc0000,0x00000000140c0000] byte_map_base: 0x00000000138ba000

Marking Bits: (ParMarkBitMap*) 0x0000000060355ce0
 Begin Bits: [0x0000000014770000, 0x0000000016740000)
 End Bits:   [0x0000000016740000, 0x0000000018710000)

Polling page: 0x0000000002ab0000

CodeCache: size=245760Kb used=3703Kb max_used=3703Kb free=242056Kb
 bounds [0x0000000004900000, 0x0000000004cb0000, 0x0000000013900000]
 total_blobs=1291 nmethods=972 adapters=240
 compilation: enabled

Compilation events (10 events):
Event: 418.980 Thread 0x000000001b5ae800  970       3       sun.security.util.DerValue::getOctetString (146 bytes)
Event: 418.980 Thread 0x000000001b5a6800 nmethod 934 0x0000000004c9e390 code [0x0000000004c9e540, 0x0000000004c9f218]
Event: 418.980 Thread 0x000000001b5a6800  972       4       sun.security.util.DerInputStream::getLength (243 bytes)
Event: 418.981 Thread 0x000000001b5ab800 nmethod 968 0x0000000004c9c6d0 code [0x0000000004c9c820, 0x0000000004c9c9d8]
Event: 418.981 Thread 0x000000001b5ae800 nmethod 970 0x0000000004c9fbd0 code [0x0000000004c9fee0, 0x0000000004ca19b8]
Event: 418.981 Thread 0x000000001b5ae800  971       3       java.net.URI$Parser::scan (73 bytes)
Event: 418.981 Thread 0x000000001b5ae800 nmethod 971 0x0000000004c98f10 code [0x0000000004c990e0, 0x0000000004c99808]
Event: 418.981 Thread 0x000000001b5ae800  973       3       sun.security.util.DerInputStream::getSequence (37 bytes)
Event: 418.982 Thread 0x000000001b5ae800 nmethod 973 0x0000000004c9bf90 code [0x0000000004c9c120, 0x0000000004c9c488]
Event: 418.982 Thread 0x000000001b5ae800  974       3       sun.security.util.DerInputBuffer::getBigInteger (114 bytes)

GC Heap History (1 events):
Event: 418.982 GC heap before
{Heap before GC invocations=1 (full 0):
 PSYoungGen      total 38400K, used 33280K [0x00000000d5980000, 0x00000000d8400000, 0x0000000100000000)
  eden space 33280K, 100% used [0x00000000d5980000,0x00000000d7a00000,0x00000000d7a00000)
  from space 5120K, 0% used [0x00000000d7f00000,0x00000000d7f00000,0x00000000d8400000)
  to   space 5120K, 0% used [0x00000000d7a00000,0x00000000d7a00000,0x00000000d7f00000)
 ParOldGen       total 87552K, used 0K [0x0000000080c00000, 0x0000000086180000, 0x00000000d5980000)
  object space 87552K, 0% used [0x0000000080c00000,0x0000000080c00000,0x0000000086180000)
 Metaspace       used 7510K, capacity 7690K, committed 7808K, reserved 1056768K
  class space    used 778K, capacity 845K, committed 896K, reserved 1048576K

Deoptimization events (10 events):
Event: 13.324 Thread 0x0000000004707000 Uncommon trap: reason=unstable_if action=reinterpret pc=0x0000000004ae4abc method=java.math.MutableBigInteger.getLowestSetBit()I @ 17
Event: 21.438 Thread 0x0000000004707000 Uncommon trap: reason=unstable_if action=reinterpret pc=0x0000000004ad1390 method=java.lang.Integer.numberOfTrailingZeros(I)I @ 16
Event: 21.439 Thread 0x0000000004707000 Uncommon trap: reason=unstable_if action=reinterpret pc=0x0000000004adfc58 method=java.math.BigInteger.shiftRightImpl(I)Ljava/math/BigInteger; @ 45
Event: 21.439 Thread 0x0000000004707000 Uncommon trap: reason=unstable_if action=reinterpret pc=0x0000000004b15964 method=java.math.MutableBigInteger.divideMagnitude(Ljava/math/MutableBigInteger;Ljava/math/MutableBigInteger;Z)Ljava/math/MutableBigInteger; @ 22
Event: 21.439 Thread 0x0000000004707000 Uncommon trap: reason=unstable_if action=reinterpret pc=0x0000000004adf484 method=java.lang.Integer.numberOfLeadingZeros(I)I @ 1
Event: 21.439 Thread 0x0000000004707000 Uncommon trap: reason=unstable_if action=reinterpret pc=0x0000000004b080e4 method=java.math.MutableBigInteger.divideKnuth(Ljava/math/MutableBigInteger;Ljava/math/MutableBigInteger;Z)Ljava/math/MutableBigInteger; @ 190
Event: 418.269 Thread 0x0000000004707000 Uncommon trap: reason=unstable_if action=reinterpret pc=0x0000000004ae4e6c method=java.math.BigInteger.trustedStripLeadingZeroInts([I)[I @ 7
Event: 418.338 Thread 0x0000000004707000 Uncommon trap: reason=class_check action=maybe_recompile pc=0x0000000004bb28ac method=java.util.regex.Pattern$BmpCharProperty.match(Ljava/util/regex/Matcher;ILjava/lang/CharSequence;)Z @ 31
Event: 418.338 Thread 0x0000000004707000 Uncommon trap: reason=unstable_if action=reinterpret pc=0x0000000004bb2810 method=java.util.regex.Pattern$BmpCharProperty.match(Ljava/util/regex/Matcher;ILjava/lang/CharSequence;)Z @ 5
Event: 418.945 Thread 0x0000000004707000 Uncommon trap: reason=unstable_if action=reinterpret pc=0x0000000004b6d660 method=java.lang.CharacterDataLatin1.digit(II)I @ 82

Classes redefined (2 events):
Event: 340.495 Thread 0x0000000019477800 redefined class name=br.com.config.RSA, count=1
Event: 385.661 Thread 0x0000000019477800 redefined class name=br.com.config.RSA, count=2

Internal exceptions (8 events):
Event: 0.042 Thread 0x0000000004707000 Exception <a 'java/lang/NoSuchMethodError': Method sun.misc.Unsafe.defineClass(Ljava/lang/String;[BII)Ljava/lang/Class; name or signature does not match> (0x00000000d5987cb8) thrown at [C:\re\workspace\8-2-build-windows-amd64-cygwin\jdk8u221\13320\hotspot
Event: 0.042 Thread 0x0000000004707000 Exception <a 'java/lang/NoSuchMethodError': Method sun.misc.Unsafe.prefetchRead(Ljava/lang/Object;J)V name or signature does not match> (0x00000000d5987fa0) thrown at [C:\re\workspace\8-2-build-windows-amd64-cygwin\jdk8u221\13320\hotspot\src\share\vm\prim
Event: 13.207 Thread 0x0000000004707000 Implicit null exception at 0x0000000004ab276c to 0x0000000004ab3139
Event: 13.342 Thread 0x0000000004707000 Exception <a 'java/lang/NoSuchMethodError': <clinit>> (0x00000000d6ddb0e0) thrown at [C:\re\workspace\8-2-build-windows-amd64-cygwin\jdk8u221\13320\hotspot\src\share\vm\prims\jni.cpp, line 1614]
Event: 418.327 Thread 0x0000000004707000 Exception <a 'java/security/PrivilegedActionException'> (0x00000000d70fcaa8) thrown at [C:\re\workspace\8-2-build-windows-amd64-cygwin\jdk8u221\13320\hotspot\src\share\vm\prims\jvm.cpp, line 1502]
Event: 418.327 Thread 0x0000000004707000 Exception <a 'java/security/PrivilegedActionException'> (0x00000000d70fccb8) thrown at [C:\re\workspace\8-2-build-windows-amd64-cygwin\jdk8u221\13320\hotspot\src\share\vm\prims\jvm.cpp, line 1502]
Event: 418.463 Thread 0x0000000004707000 Exception <a 'java/lang/NoSuchFieldError': method resolution failed> (0x00000000d772f340) thrown at [C:\re\workspace\8-2-build-windows-amd64-cygwin\jdk8u221\13320\hotspot\src\share\vm\prims\methodHandles.cpp, line 1167]
Event: 418.930 Thread 0x0000000004707000 Exception <a 'java/lang/NoSuchFieldError': method resolution failed> (0x00000000d773d528) thrown at [C:\re\workspace\8-2-build-windows-amd64-cygwin\jdk8u221\13320\hotspot\src\share\vm\prims\methodHandles.cpp, line 1167]

Events (10 events):
Event: 418.956 loading class java/security/interfaces/ECKey
Event: 418.956 loading class java/security/interfaces/ECKey done
Event: 418.956 loading class java/security/interfaces/ECPublicKey done
Event: 418.957 loading class sun/security/util/ECUtil
Event: 418.957 loading class sun/security/util/ECUtil done
Event: 418.978 loading class sun/security/x509/IssuerAlternativeNameExtension
Event: 418.978 loading class sun/security/x509/IssuerAlternativeNameExtension done
Event: 418.979 Thread 0x0000000004707000 DEOPT PACKING pc=0x0000000004c92216 sp=0x000000000468cdb0
Event: 418.979 Thread 0x0000000004707000 DEOPT UNPACKING pc=0x0000000004947890 sp=0x000000000468cac8 mode 0
Event: 418.982 Executing VM operation: ParallelGCFailedAllocation


Dynamic libraries:
0x00007ff7f73a0000 - 0x00007ff7f73d7000 	C:\Program Files\Java\jdk1.8.0_221\bin\javaw.exe
0x00007ff92ad70000 - 0x00007ff92af50000 	C:\Windows\SYSTEM32\ntdll.dll
0x00007ff90ba70000 - 0x00007ff90ba82000 	C:\Program Files\AVG\Antivirus\aswhook.dll
0x00007ff929af0000 - 0x00007ff929b9e000 	C:\Windows\System32\KERNEL32.DLL
0x00007ff927da0000 - 0x00007ff928006000 	C:\Windows\System32\KERNELBASE.dll
0x00007ff928240000 - 0x00007ff9282e1000 	C:\Windows\System32\ADVAPI32.dll
0x00007ff928400000 - 0x00007ff92849d000 	C:\Windows\System32\msvcrt.dll
0x00007ff92a750000 - 0x00007ff92a7ab000 	C:\Windows\System32\sechost.dll
0x00007ff92a8a0000 - 0x00007ff92a9bf000 	C:\Windows\System32\RPCRT4.dll
0x00007ff92abb0000 - 0x00007ff92ad3f000 	C:\Windows\System32\USER32.dll
0x00007ff927bb0000 - 0x00007ff927bd0000 	C:\Windows\System32\win32u.dll
0x00007ff92a300000 - 0x00007ff92a328000 	C:\Windows\System32\GDI32.dll
0x00007ff927a10000 - 0x00007ff927ba3000 	C:\Windows\System32\gdi32full.dll
0x00007ff927c80000 - 0x00007ff927d1b000 	C:\Windows\System32\msvcp_win.dll
0x00007ff927910000 - 0x00007ff927a04000 	C:\Windows\System32\ucrtbase.dll
0x00007ff90ea10000 - 0x00007ff90ec79000 	C:\Windows\WinSxS\amd64_microsoft.windows.common-controls_6595b64144ccf1df_6.0.16299.1087_none_0f9074b65a6589b7\COMCTL32.dll
0x00007ff92a350000 - 0x00007ff92a656000 	C:\Windows\System32\combase.dll
0x00007ff927d20000 - 0x00007ff927d92000 	C:\Windows\System32\bcryptPrimitives.dll
0x00007ff92aa80000 - 0x00007ff92aaad000 	C:\Windows\System32\IMM32.DLL
0x000000005f970000 - 0x000000005fa42000 	C:\Program Files\Java\jdk1.8.0_221\jre\bin\msvcr100.dll
0x000000005fb30000 - 0x00000000603d5000 	C:\Program Files\Java\jdk1.8.0_221\jre\bin\server\jvm.dll
0x00007ff92a890000 - 0x00007ff92a898000 	C:\Windows\System32\PSAPI.DLL
0x00007ff920520000 - 0x00007ff920529000 	C:\Windows\SYSTEM32\WSOCK32.dll
0x00007ff92a6e0000 - 0x00007ff92a74c000 	C:\Windows\System32\WS2_32.dll
0x00007ff912240000 - 0x00007ff912263000 	C:\Windows\SYSTEM32\WINMM.dll
0x00007ff921ab0000 - 0x00007ff921aba000 	C:\Windows\SYSTEM32\VERSION.dll
0x00007ff9121e0000 - 0x00007ff91220a000 	C:\Windows\SYSTEM32\WINMMBASE.dll
0x00007ff927170000 - 0x00007ff9271ba000 	C:\Windows\System32\cfgmgr32.dll
0x00007ff924270000 - 0x00007ff92427f000 	C:\Program Files\Java\jdk1.8.0_221\jre\bin\verify.dll
0x00007ff912800000 - 0x00007ff912829000 	C:\Program Files\Java\jdk1.8.0_221\jre\bin\java.dll
0x00007ff9168b0000 - 0x00007ff9168e5000 	C:\Program Files\Java\jdk1.8.0_221\jre\bin\jdwp.dll
0x00007ff923600000 - 0x00007ff923608000 	C:\Program Files\Java\jdk1.8.0_221\jre\bin\npt.dll
0x00007ff90ef70000 - 0x00007ff90ef93000 	C:\Program Files\Java\jdk1.8.0_221\jre\bin\instrument.dll
0x00007ff913950000 - 0x00007ff913966000 	C:\Program Files\Java\jdk1.8.0_221\jre\bin\zip.dll
0x00007ff9286b0000 - 0x00007ff929ae8000 	C:\Windows\System32\SHELL32.dll
0x00007ff92a9d0000 - 0x00007ff92aa76000 	C:\Windows\System32\shcore.dll
0x00007ff9271c0000 - 0x00007ff927907000 	C:\Windows\System32\windows.storage.dll
0x00007ff92ab50000 - 0x00007ff92aba1000 	C:\Windows\System32\shlwapi.dll
0x00007ff927150000 - 0x00007ff927161000 	C:\Windows\System32\kernel.appcore.dll
0x00007ff927100000 - 0x00007ff92714c000 	C:\Windows\System32\powrprof.dll
0x00007ff9270c0000 - 0x00007ff9270db000 	C:\Windows\System32\profapi.dll
0x00007ff9168a0000 - 0x00007ff9168a9000 	C:\Program Files\Java\jdk1.8.0_221\jre\bin\dt_socket.dll
0x00007ff9123b0000 - 0x00007ff9123c6000 	C:\Windows\system32\napinsp.dll
0x00007ff912390000 - 0x00007ff9123aa000 	C:\Windows\system32\pnrpnsp.dll
0x00007ff9240b0000 - 0x00007ff9240c8000 	C:\Windows\system32\NLAapi.dll
0x00007ff9268f0000 - 0x00007ff926956000 	C:\Windows\System32\mswsock.dll
0x00007ff9266c0000 - 0x00007ff926776000 	C:\Windows\SYSTEM32\DNSAPI.dll
0x00007ff92a7b0000 - 0x00007ff92a7b8000 	C:\Windows\System32\NSI.dll
0x00007ff926680000 - 0x00007ff9266b9000 	C:\Windows\SYSTEM32\IPHLPAPI.DLL
0x00007ff912380000 - 0x00007ff91238e000 	C:\Windows\System32\winrnr.dll
0x00007ff921580000 - 0x00007ff9215f0000 	C:\Windows\System32\fwpuclnt.dll
0x00007ff926bc0000 - 0x00007ff926be5000 	C:\Windows\SYSTEM32\bcrypt.dll
0x00007ff921640000 - 0x00007ff92164a000 	C:\Windows\System32\rasadhlp.dll
0x00007ff926ab0000 - 0x00007ff926ac7000 	C:\Windows\SYSTEM32\CRYPTSP.dll
0x00007ff9264f0000 - 0x00007ff926523000 	C:\Windows\system32\rsaenh.dll
0x00007ff926ff0000 - 0x00007ff927019000 	C:\Windows\SYSTEM32\USERENV.dll
0x00007ff926ad0000 - 0x00007ff926adb000 	C:\Windows\SYSTEM32\CRYPTBASE.dll
0x00007ff9127e0000 - 0x00007ff9127fa000 	C:\Program Files\Java\jdk1.8.0_221\jre\bin\net.dll
0x00007ff91c180000 - 0x00007ff91c349000 	C:\Windows\SYSTEM32\urlmon.dll
0x00007ff92a330000 - 0x00007ff92a34d000 	C:\Windows\System32\imagehlp.dll
0x00007ff91b7e0000 - 0x00007ff91ba7f000 	C:\Windows\SYSTEM32\iertutil.dll
0x00007ff9226f0000 - 0x00007ff922706000 	C:\Windows\SYSTEM32\dhcpcsvc6.DLL
0x00007ff922690000 - 0x00007ff9226aa000 	C:\Windows\SYSTEM32\dhcpcsvc.DLL
0x00007ff912640000 - 0x00007ff912652000 	C:\Program Files\Java\jdk1.8.0_221\jre\bin\nio.dll
0x00007ff909260000 - 0x00007ff909284000 	C:\Program Files\Java\jdk1.8.0_221\jre\bin\sunec.dll

VM Arguments:
jvm_args: -agentlib:jdwp=transport=dt_socket,suspend=y,address=localhost:54308 -javaagent:C:\Users\Lucas Pestana\eclipse\java-2019-06\eclipse\configuration\org.eclipse.osgi\226\0\.cp\lib\javaagent-shaded.jar -Dfile.encoding=UTF-8 
java_command: br.com.config.RSA
java_class_path (initial): C:\Users\Lucas Pestana\git\inter\target\classes;C:\Users\Lucas Pestana\.m2\repository\org\springframework\boot\spring-boot-starter-data-jpa\2.1.6.RELEASE\spring-boot-starter-data-jpa-2.1.6.RELEASE.jar;C:\Users\Lucas Pestana\.m2\repository\org\springframework\boot\spring-boot-starter-aop\2.1.6.RELEASE\spring-boot-starter-aop-2.1.6.RELEASE.jar;C:\Users\Lucas Pestana\.m2\repository\org\springframework\spring-aop\5.1.8.RELEASE\spring-aop-5.1.8.RELEASE.jar;C:\Users\Lucas Pestana\.m2\repository\org\aspectj\aspectjweaver\1.9.4\aspectjweaver-1.9.4.jar;C:\Users\Lucas Pestana\.m2\repository\org\springframework\boot\spring-boot-starter-jdbc\2.1.6.RELEASE\spring-boot-starter-jdbc-2.1.6.RELEASE.jar;C:\Users\Lucas Pestana\.m2\repository\com\zaxxer\HikariCP\3.2.0\HikariCP-3.2.0.jar;C:\Users\Lucas Pestana\.m2\repository\org\springframework\spring-jdbc\5.1.8.RELEASE\spring-jdbc-5.1.8.RELEASE.jar;C:\Users\Lucas Pestana\.m2\repository\javax\transaction\javax.transaction-api\1.3\javax.transaction-api-1.3.jar;C:\Users\Lucas Pestana\.m2\repository\javax\xml\bind\jaxb-api\2.3.1\jaxb-api-2.3.1.jar;C:\Users\Lucas Pestana\.m2\repository\javax\activation\javax.activation-api\1.2.0\javax.activation-api-1.2.0.jar;C:\Users\Lucas Pestana\.m2\repository\org\hibernate\hibernate-core\5.3.10.Final\hibernate-core-5.3.10.Final.jar;C:\Users\Lucas Pestana\.m2\repository\org\jboss\logging\jboss-logging\3.3.2.Final\jboss-logging-3.3.2.Final.jar;C:\Users\Lucas Pestana\.m2\repository\javax\persistence\javax.persistence-api\2.2\javax.persistence-api-2.2.jar;C:\Users\Lucas Pestana\.m2\repository\org\javassist\javassist\3.23.2-GA\javassist-3.23.2-GA.jar;C:\Users\Lucas Pestana\.m2\repository\net\bytebuddy\byte-buddy\1.9.13\byte-buddy-1.9.13.jar;C:\Users\Lucas Pestana\.m2\repository\antlr\antlr\2.7.7\antlr-2.7.7.jar;C:\Users\Lucas Pestana\.m2\repository\org\jboss\jandex\2.0.5.Final\jandex-2.0.5.Final.jar;C:\Users\Lucas Pestana\.m2\repository\org\dom4j\dom4j\2.1.1\dom4j-2.1.1.jar;C:\Us
Launcher Type: SUN_STANDARD

Environment Variables:
JAVA_HOME=C:\Program Files\Java\jdk1.8.0_221
CLASSPATH=C:\Program Files\Java\jdk1.8.0_221\lib;C:\Program Files\Java\jdk1.8.0_221\lib\tools.jar;C:\Program Files\Java\jdk1.8.0_221\lib\dt.jar;C:\Program Files\Java\jdk1.8.0_221\lib\htmlconverter.jar;C:\Program Files\Java\jdk1.8.0_221\jre\lib;C:\Program Files\Java\jdk1.8.0_221\jre\lib\rt.jar
PATH=C:\Program Files\Java\jdk1.8.0_221\jre\bin;C:/Program Files/Java/jdk1.8.0_221/jre/bin/server;C:/Program Files/Java/jdk1.8.0_221/jre/bin;C:/Program Files/Java/jdk1.8.0_221/jre/lib/amd64;C:\Program Files (x86)\Common Files\Oracle\Java\javapath;C:\Program Files (x86)\Razer\ChromaBroadcast\bin;C:\Program Files\Razer\ChromaBroadcast\bin;C:\Windows\system32;C:\Windows;C:\Windows\System32\Wbem;C:\Windows\System32\WindowsPowerShell\v1.0\;C:\Windows\system32\config\systemprofile\AppData\Local\Microsoft\WindowsApps;C:\Program Files (x86)\Maven\apache-maven-3.6.1\bin;C:\Program Files\Java\jdk1.8.0_221\bin;C:\Program Files\Git\cmd;C:\Users\Lucas Pestana\AppData\Local\Microsoft\WindowsApps;C:\Program Files\Java\jdk1.8.0_221\bin;C:\Program Files (x86)\Maven\apache-maven-3.6.1\bin;;C:\Users\Lucas Pestana\Desktop;
USERNAME=Lucas Pestana
OS=Windows_NT
PROCESSOR_IDENTIFIER=Intel64 Family 6 Model 58 Stepping 9, GenuineIntel



---------------  S Y S T E M  ---------------

OS: Windows 10.0 , 64 bit Build 16299 (10.0.16299.1087)

CPU:total 4 (initial active 4) (4 cores per cpu, 1 threads per core) family 6 model 58 stepping 9, cmov, cx8, fxsr, mmx, sse, sse2, sse3, ssse3, sse4.1, sse4.2, popcnt, avx, aes, clmul, erms, tsc, tscinvbit, tscinv

Memory: 4k page, physical 8334708k(2351284k free), swap 13572120k(2115960k free)

vm_info: Java HotSpot(TM) 64-Bit Server VM (25.221-b11) for windows-amd64 JRE (1.8.0_221-b11), built on Jul  4 2019 04:39:29 by "java_re" with MS VC++ 10.0 (VS2010)

time: Sat Aug 03 22:18:00 2019
timezone: Hora oficial do Brasil
elapsed time: 419 seconds (0d 0h 6m 59s)

